2023.05.04 00:18:24 INFO  Started: Metals version 0.11.12 in workspace '/home/uta8a/.ghq/github.com/uta8a/private-isu/webapp/rust' for client Visual Studio Code 1.77.3.
May 04, 2023 12:18:24 AM org.flywaydb.core.internal.license.VersionPrinter printVersionOnly
INFO: Flyway Community Edition 9.16.3 by Redgate
May 04, 2023 12:18:24 AM org.flywaydb.core.internal.license.VersionPrinter printVersion
INFO: See release notes here: https://rd.gt/416ObMi
May 04, 2023 12:18:24 AM org.flywaydb.core.internal.license.VersionPrinter printVersion
INFO: 
May 04, 2023 12:18:25 AM org.flywaydb.core.internal.database.base.BaseDatabaseType createDatabase
INFO: Database: jdbc:h2:file:/home/uta8a/.ghq/github.com/uta8a/private-isu/webapp/rust/.metals/metals (H2 2.1)
May 04, 2023 12:18:25 AM org.flywaydb.core.internal.schemahistory.JdbcTableSchemaHistory allAppliedMigrations
INFO: Schema history table "PUBLIC"."flyway_schema_history" does not exist yet
May 04, 2023 12:18:25 AM org.flywaydb.core.internal.command.DbValidate validate
INFO: Successfully validated 4 migrations (execution time 00:00.015s)
May 04, 2023 12:18:25 AM org.flywaydb.core.internal.schemahistory.JdbcTableSchemaHistory create
INFO: Creating Schema History table "PUBLIC"."flyway_schema_history" ...
May 04, 2023 12:18:25 AM org.flywaydb.core.internal.command.DbMigrate migrateGroup
INFO: Current version of schema "PUBLIC": << Empty Schema >>
May 04, 2023 12:18:25 AM org.flywaydb.core.internal.command.DbMigrate doMigrateGroup
INFO: Migrating schema "PUBLIC" to version "1 - Create tables"
May 04, 2023 12:18:25 AM org.flywaydb.core.internal.command.DbMigrate doMigrateGroup
INFO: Migrating schema "PUBLIC" to version "2 - Server discovery"
May 04, 2023 12:18:25 AM org.flywaydb.core.internal.command.DbMigrate doMigrateGroup
INFO: Migrating schema "PUBLIC" to version "3 - Jar symbols"
May 04, 2023 12:18:25 AM org.flywaydb.core.internal.command.DbMigrate doMigrateGroup
INFO: Migrating schema "PUBLIC" to version "4 - Fingerprints"
May 04, 2023 12:18:25 AM org.flywaydb.core.internal.command.DbMigrate logSummary
INFO: Successfully applied 4 migrations to schema "PUBLIC", now at version v4 (execution time 00:00.044s)
2023.05.04 00:18:25 INFO  time: initialize in 0.51s
2023.05.04 00:18:26 WARN  Build server is not auto-connectable.
2023.05.04 00:18:26 WARN  no build tool detected in workspace '/home/uta8a/.ghq/github.com/uta8a/private-isu/webapp/rust'. The most common cause for this problem is that the editor was opened in the wrong working directory, for example if you use sbt then the workspace directory should contain build.sbt. 
May 04, 2023 1:30:02 AM org.eclipse.lsp4j.jsonrpc.services.GenericEndpoint notify
INFO: Unsupported notification method: $/setTrace
May 04, 2023 1:48:19 AM org.eclipse.lsp4j.jsonrpc.services.GenericEndpoint notify
INFO: Unsupported notification method: $/setTrace
May 04, 2023 2:05:34 AM org.eclipse.lsp4j.jsonrpc.services.GenericEndpoint notify
INFO: Unsupported notification method: $/setTrace
2023.05.04 03:01:47 INFO  Shutting down server
2023.05.04 03:01:47 INFO  shutting down Metals
2023.05.04 03:01:47 INFO  Exiting server
